<?xml version="1.0" encoding="UTF-8"?>
<!-- Generated by org.testng.reporters.JUnitReportReporter -->
<testsuite hostname="DESKTOP-2BM989P" failures="0" tests="4" name="Runner.TestRunner" time="70.245" errors="0" timestamp="2024-09-02T12:30:05 IST" skipped="0">
  <testcase classname="Runner.TestRunner" name="runScenario" time="6.808"/>
  <testcase classname="Runner.TestRunner" name="runScenario" time="29.181"/>
  <testcase classname="Runner.TestRunner" name="runScenario" time="28.036"/>
  <testcase classname="Runner.TestRunner" name="runScenario" time="6.220"/>
</testsuite> <!-- Runner.TestRunner -->
